This file contains any messages produced by compilers while
running configure, to aid debugging if configure makes a mistake.

It was created by trexio configure 2.5.0, which was
generated by GNU Autoconf 2.71.  Invocation command line was

  $ ./configure

## --------- ##
## Platform. ##
## --------- ##

hostname = Qadeer
uname -m = x86_64
uname -r = 5.15.167.4-microsoft-standard-WSL2
uname -s = Linux
uname -v = #1 SMP Tue Nov 5 00:21:55 UTC 2024

/usr/bin/uname -p = x86_64
/bin/uname -X     = unknown

/bin/arch              = x86_64
/usr/bin/arch -k       = unknown
/usr/convex/getsysinfo = unknown
/usr/bin/hostinfo      = unknown
/bin/machine           = unknown
/usr/bin/oslevel       = unknown
/bin/universe          = unknown

PATH: /home/qadeer485/miniconda3/bin/
PATH: /home/qadeer485/miniconda3/condabin/
PATH: /usr/local/sbin/
PATH: /usr/local/bin/
PATH: /usr/sbin/
PATH: /usr/bin/
PATH: /sbin/
PATH: /bin/
PATH: /usr/games/
PATH: /usr/local/games/
PATH: /usr/lib/wsl/lib/
PATH: /mnt/c/Program Files/WindowsApps/MicrosoftCorporationII.WindowsSubsystemForLinux_2.3.26.0_x64__8wekyb3d8bbwe/
PATH: /mnt/c/users/abdul/gcc/bin/
PATH: /mnt/c/users/abdul/gcc/libexec/gcc/x86_64-w64-mingw32/11.3.0/
PATH: /mnt/c/windows/system32/
PATH: /mnt/c/windows/
PATH: /mnt/c/windows/System32/Wbem/
PATH: /mnt/c/windows/System32/WindowsPowerShell/v1.0/
PATH: /mnt/c/windows/System32/OpenSSH/
PATH: /mnt/c/Program Files (x86)/NVIDIA Corporation/PhysX/Common/
PATH: /mnt/c/Program Files/NVIDIA Corporation/NVIDIA NvDLISR/
PATH: /mnt/c/JupyterLab/
PATH: /mnt/c/Program Files/MATLAB/R2023b/runtime/win64/
PATH: /mnt/c/Program Files/MATLAB/R2023b/bin/
PATH: /mnt/c/Destop/Desktop/ORCA/
PATH: /mnt/c/AvogadroOrca4.2.1.current/Avogadro/bin/
PATH: /mnt/c/Program Files/HP/HP One Agent/
PATH: /mnt/c/Destop/Desktop/Excited State/gnuplot/bin/
PATH: /mnt/c/Program Files/dotnet/
PATH: /mnt/c/Users/Abdul/scoop/shims/
PATH: /mnt/c/Users/Abdul/AppData/Local/Programs/Python/Python312/Scripts/
PATH: /mnt/c/Users/Abdul/AppData/Local/Programs/Python/Python312/
PATH: /mnt/c/Users/Abdul/AppData/Local/Microsoft/WindowsApps/
PATH: /mnt/c/Program Files/JetBrains/PyCharm 2023.2.4/bin/
PATH: /mnt/c/Users/Abdul/.dotnet/tools/
PATH: /snap/bin/


## ----------- ##
## Core tests. ##
## ----------- ##

configure:2755: looking for aux files: config.guess config.sub ltmain.sh compile ar-lib missing install-sh
configure:2768:  trying ./build-config/
configure:2797:   ./build-config/config.guess found
configure:2797:   ./build-config/config.sub found
configure:2797:   ./build-config/ltmain.sh found
configure:2797:   ./build-config/compile found
configure:2797:   ./build-config/ar-lib found
configure:2797:   ./build-config/missing found
configure:2779:   ./build-config/install-sh found
configure:2933: checking for a BSD-compatible install
configure:3006: result: /usr/bin/install -c
configure:3017: checking whether build environment is sane
configure:3072: result: yes
configure:3231: checking for a race-free mkdir -p
configure:3275: result: /usr/bin/mkdir -p
configure:3282: checking for gawk
configure:3303: found /usr/bin/gawk
configure:3314: result: gawk
configure:3325: checking whether make sets $(MAKE)
configure:3348: result: yes
configure:3378: checking whether make supports nested variables
configure:3396: result: yes
configure:3533: checking whether to enable maintainer-specific portions of Makefiles
configure:3543: result: no
configure:3569: checking whether make supports the include directive
configure:3584: make -f confmf.GNU && cat confinc.out
this is the am__doit target
configure:3587: $? = 0
configure:3606: result: yes (GNU style)
configure:3682: checking for gcc
configure:3703: found /usr/bin/gcc
configure:3714: result: gcc
configure:4067: checking for C compiler version
configure:4076: gcc --version >&5
gcc (Ubuntu 13.3.0-6ubuntu2~24.04) 13.3.0
Copyright (C) 2023 Free Software Foundation, Inc.
This is free software; see the source for copying conditions.  There is NO
warranty; not even for MERCHANTABILITY or FITNESS FOR A PARTICULAR PURPOSE.

configure:4087: $? = 0
configure:4076: gcc -v >&5
Using built-in specs.
COLLECT_GCC=gcc
COLLECT_LTO_WRAPPER=/usr/libexec/gcc/x86_64-linux-gnu/13/lto-wrapper
OFFLOAD_TARGET_NAMES=nvptx-none:amdgcn-amdhsa
OFFLOAD_TARGET_DEFAULT=1
Target: x86_64-linux-gnu
Configured with: ../src/configure -v --with-pkgversion='Ubuntu 13.3.0-6ubuntu2~24.04' --with-bugurl=file:///usr/share/doc/gcc-13/README.Bugs --enable-languages=c,ada,c++,go,d,fortran,objc,obj-c++,m2 --prefix=/usr --with-gcc-major-version-only --program-suffix=-13 --program-prefix=x86_64-linux-gnu- --enable-shared --enable-linker-build-id --libexecdir=/usr/libexec --without-included-gettext --enable-threads=posix --libdir=/usr/lib --enable-nls --enable-bootstrap --enable-clocale=gnu --enable-libstdcxx-debug --enable-libstdcxx-time=yes --with-default-libstdcxx-abi=new --enable-libstdcxx-backtrace --enable-gnu-unique-object --disable-vtable-verify --enable-plugin --enable-default-pie --with-system-zlib --enable-libphobos-checking=release --with-target-system-zlib=auto --enable-objc-gc=auto --enable-multiarch --disable-werror --enable-cet --with-arch-32=i686 --with-abi=m64 --with-multilib-list=m32,m64,mx32 --enable-multilib --with-tune=generic --enable-offload-targets=nvptx-none=/build/gcc-13-fG75Ri/gcc-13-13.3.0/debian/tmp-nvptx/usr,amdgcn-amdhsa=/build/gcc-13-fG75Ri/gcc-13-13.3.0/debian/tmp-gcn/usr --enable-offload-defaulted --without-cuda-driver --enable-checking=release --build=x86_64-linux-gnu --host=x86_64-linux-gnu --target=x86_64-linux-gnu --with-build-config=bootstrap-lto-lean --enable-link-serialization=2
Thread model: posix
Supported LTO compression algorithms: zlib zstd
gcc version 13.3.0 (Ubuntu 13.3.0-6ubuntu2~24.04) 
... rest of stderr output deleted ...
configure:4087: $? = 0
configure:4076: gcc -V >&5
gcc: error: unrecognized command-line option '-V'
gcc: fatal error: no input files
compilation terminated.
configure:4087: $? = 1
configure:4076: gcc -qversion >&5
gcc: error: unrecognized command-line option '-qversion'; did you mean '--version'?
gcc: fatal error: no input files
compilation terminated.
configure:4087: $? = 1
configure:4076: gcc -version >&5
gcc: error: unrecognized command-line option '-version'
gcc: fatal error: no input files
compilation terminated.
configure:4087: $? = 1
configure:4107: checking whether the C compiler works
configure:4129: gcc    conftest.c  >&5
configure:4133: $? = 0
configure:4183: result: yes
configure:4186: checking for C compiler default output file name
configure:4188: result: a.out
configure:4194: checking for suffix of executables
configure:4201: gcc -o conftest    conftest.c  >&5
configure:4205: $? = 0
configure:4228: result: 
configure:4250: checking whether we are cross compiling
configure:4258: gcc -o conftest    conftest.c  >&5
configure:4262: $? = 0
configure:4269: ./conftest
configure:4273: $? = 0
configure:4288: result: no
configure:4293: checking for suffix of object files
configure:4316: gcc -c   conftest.c >&5
configure:4320: $? = 0
configure:4342: result: o
configure:4346: checking whether the compiler supports GNU C
configure:4366: gcc -c   conftest.c >&5
configure:4366: $? = 0
configure:4376: result: yes
configure:4387: checking whether gcc accepts -g
configure:4408: gcc -c -g  conftest.c >&5
configure:4408: $? = 0
configure:4452: result: yes
configure:4472: checking for gcc option to enable C11 features
configure:4487: gcc  -c -g -O2  conftest.c >&5
configure:4487: $? = 0
configure:4505: result: none needed
configure:4621: checking whether gcc understands -c and -o together
configure:4644: gcc -c conftest.c -o conftest2.o
configure:4647: $? = 0
configure:4644: gcc -c conftest.c -o conftest2.o
configure:4647: $? = 0
configure:4659: result: yes
configure:4678: checking dependency style of gcc
configure:4790: result: gcc3
configure:4861: checking for ar
configure:4882: found /usr/bin/ar
configure:4893: result: ar
configure:4919: checking the archiver (ar) interface
configure:4936: gcc -c -g -O2  conftest.c >&5
configure:4936: $? = 0
configure:4939: ar cru libconftest.a conftest.o >&5
ar: `u' modifier ignored since `D' is the default (see `U')
configure:4942: $? = 0
configure:4970: result: ar
configure:5024: checking build system type
configure:5039: result: x86_64-pc-linux-gnu
configure:5059: checking host system type
configure:5073: result: x86_64-pc-linux-gnu
configure:5114: checking how to print strings
configure:5141: result: printf
configure:5162: checking for a sed that does not truncate output
configure:5232: result: /usr/bin/sed
configure:5250: checking for grep that handles long lines and -e
configure:5314: result: /usr/bin/grep
configure:5319: checking for egrep
configure:5387: result: /usr/bin/grep -E
configure:5392: checking for fgrep
configure:5460: result: /usr/bin/grep -F
configure:5496: checking for ld used by gcc
configure:5564: result: /usr/bin/ld
configure:5571: checking if the linker (/usr/bin/ld) is GNU ld
configure:5587: result: yes
configure:5599: checking for BSD- or MS-compatible name lister (nm)
configure:5654: result: /usr/bin/nm -B
configure:5794: checking the name lister (/usr/bin/nm -B) interface
configure:5802: gcc -c -g -O2  conftest.c >&5
configure:5805: /usr/bin/nm -B "conftest.o"
configure:5808: output
0000000000000000 B some_variable
configure:5815: result: BSD nm
configure:5818: checking whether ln -s works
configure:5822: result: yes
configure:5830: checking the maximum length of command line arguments
configure:5962: result: 1572864
configure:6010: checking how to convert x86_64-pc-linux-gnu file names to x86_64-pc-linux-gnu format
configure:6051: result: func_convert_file_noop
configure:6058: checking how to convert x86_64-pc-linux-gnu file names to toolchain format
configure:6079: result: func_convert_file_noop
configure:6086: checking for /usr/bin/ld option to reload object files
configure:6094: result: -r
configure:6173: checking for objdump
configure:6194: found /usr/bin/objdump
configure:6205: result: objdump
configure:6237: checking how to recognize dependent libraries
configure:6438: result: pass_all
configure:6528: checking for dlltool
configure:6563: result: no
configure:6593: checking how to associate runtime and link libraries
configure:6621: result: printf %s\n
configure:6755: checking for archiver @FILE support
configure:6773: gcc -c -g -O2  conftest.c >&5
configure:6773: $? = 0
configure:6777: ar cr libconftest.a @conftest.lst >&5
configure:6780: $? = 0
configure:6785: ar cr libconftest.a @conftest.lst >&5
ar: conftest.o: No such file or directory
configure:6788: $? = 1
configure:6800: result: @
configure:6863: checking for strip
configure:6884: found /usr/bin/strip
configure:6895: result: strip
configure:6972: checking for ranlib
configure:6993: found /usr/bin/ranlib
configure:7004: result: ranlib
configure:7106: checking command to parse /usr/bin/nm -B output from gcc object
configure:7260: gcc -c -g -O2  conftest.c >&5
configure:7263: $? = 0
configure:7267: /usr/bin/nm -B conftest.o | sed -n -e 's/^.*[	 ]\([ABCDGIRSTW][ABCDGIRSTW]*\)[	 ][	 ]*\([_A-Za-z][_A-Za-z0-9]*\)$/\1 \2 \2/p' | sed '/ __gnu_lto/d' > conftest.nm
configure:7333: gcc -o conftest -g -O2   conftest.c conftstm.o >&5
configure:7336: $? = 0
configure:7374: result: ok
configure:7421: checking for sysroot
configure:7452: result: no
configure:7459: checking for a working dd
configure:7503: result: /usr/bin/dd
configure:7507: checking how to truncate binary pipes
configure:7523: result: /usr/bin/dd bs=4096 count=1
configure:7660: gcc -c -g -O2  conftest.c >&5
configure:7663: $? = 0
configure:7860: checking for mt
configure:7895: result: no
configure:7915: checking if : is a manifest tool
configure:7922: : '-?'
configure:7930: result: no
configure:8660: checking for stdio.h
configure:8660: gcc -c -g -O2  conftest.c >&5
configure:8660: $? = 0
configure:8660: result: yes
configure:8660: checking for stdlib.h
configure:8660: gcc -c -g -O2  conftest.c >&5
configure:8660: $? = 0
configure:8660: result: yes
configure:8660: checking for string.h
configure:8660: gcc -c -g -O2  conftest.c >&5
configure:8660: $? = 0
configure:8660: result: yes
configure:8660: checking for inttypes.h
configure:8660: gcc -c -g -O2  conftest.c >&5
configure:8660: $? = 0
configure:8660: result: yes
configure:8660: checking for stdint.h
configure:8660: gcc -c -g -O2  conftest.c >&5
configure:8660: $? = 0
configure:8660: result: yes
configure:8660: checking for strings.h
configure:8660: gcc -c -g -O2  conftest.c >&5
configure:8660: $? = 0
configure:8660: result: yes
configure:8660: checking for sys/stat.h
configure:8660: gcc -c -g -O2  conftest.c >&5
configure:8660: $? = 0
configure:8660: result: yes
configure:8660: checking for sys/types.h
configure:8660: gcc -c -g -O2  conftest.c >&5
configure:8660: $? = 0
configure:8660: result: yes
configure:8660: checking for unistd.h
configure:8660: gcc -c -g -O2  conftest.c >&5
configure:8660: $? = 0
configure:8660: result: yes
configure:8685: checking for dlfcn.h
configure:8685: gcc -c -g -O2  conftest.c >&5
configure:8685: $? = 0
configure:8685: result: yes
configure:8944: checking for objdir
configure:8960: result: .libs
configure:9224: checking if gcc supports -fno-rtti -fno-exceptions
configure:9243: gcc -c -g -O2  -fno-rtti -fno-exceptions conftest.c >&5
cc1: warning: command-line option '-fno-rtti' is valid for C++/D/ObjC++ but not for C
configure:9247: $? = 0
configure:9260: result: no
configure:9624: checking for gcc option to produce PIC
configure:9632: result: -fPIC -DPIC
configure:9640: checking if gcc PIC flag -fPIC -DPIC works
configure:9659: gcc -c -g -O2  -fPIC -DPIC -DPIC conftest.c >&5
configure:9663: $? = 0
configure:9676: result: yes
configure:9705: checking if gcc static flag -static works
configure:9734: result: yes
configure:9749: checking if gcc supports -c -o file.o
configure:9771: gcc -c -g -O2  -o out/conftest2.o conftest.c >&5
configure:9775: $? = 0
configure:9797: result: yes
configure:9805: checking if gcc supports -c -o file.o
configure:9853: result: yes
configure:9886: checking whether the gcc linker (/usr/bin/ld -m elf_x86_64) supports shared libraries
configure:11156: result: yes
configure:11193: checking whether -lc should be explicitly linked in
configure:11202: gcc -c -g -O2  conftest.c >&5
configure:11205: $? = 0
configure:11220: gcc -shared  -fPIC -DPIC conftest.o  -v -Wl,-soname -Wl,conftest -o conftest 2\>\&1 \| /usr/bin/grep  -lc  \>/dev/null 2\>\&1
configure:11223: $? = 0
configure:11237: result: no
configure:11397: checking dynamic linker characteristics
configure:11979: gcc -o conftest -g -O2   -Wl,-rpath -Wl,/foo conftest.c  >&5
configure:11979: $? = 0
configure:12230: result: GNU/Linux ld.so
configure:12352: checking how to hardcode library paths into programs
configure:12377: result: immediate
configure:12929: checking whether stripping libraries is possible
configure:12934: result: yes
configure:12969: checking if libtool supports shared libraries
configure:12971: result: yes
configure:12974: checking whether to build shared libraries
configure:12999: result: yes
configure:13002: checking whether to build static libraries
configure:13006: result: yes
configure:13138: checking for gfortran
configure:13159: found /usr/bin/gfortran
configure:13170: result: gfortran
configure:13196: checking for Fortran compiler version
configure:13205: gfortran --version >&5
GNU Fortran (Ubuntu 13.3.0-6ubuntu2~24.04) 13.3.0
Copyright (C) 2023 Free Software Foundation, Inc.
This is free software; see the source for copying conditions.  There is NO
warranty; not even for MERCHANTABILITY or FITNESS FOR A PARTICULAR PURPOSE.

configure:13216: $? = 0
configure:13205: gfortran -v >&5
Using built-in specs.
COLLECT_GCC=gfortran
COLLECT_LTO_WRAPPER=/usr/libexec/gcc/x86_64-linux-gnu/13/lto-wrapper
OFFLOAD_TARGET_NAMES=nvptx-none:amdgcn-amdhsa
OFFLOAD_TARGET_DEFAULT=1
Target: x86_64-linux-gnu
Configured with: ../src/configure -v --with-pkgversion='Ubuntu 13.3.0-6ubuntu2~24.04' --with-bugurl=file:///usr/share/doc/gcc-13/README.Bugs --enable-languages=c,ada,c++,go,d,fortran,objc,obj-c++,m2 --prefix=/usr --with-gcc-major-version-only --program-suffix=-13 --program-prefix=x86_64-linux-gnu- --enable-shared --enable-linker-build-id --libexecdir=/usr/libexec --without-included-gettext --enable-threads=posix --libdir=/usr/lib --enable-nls --enable-bootstrap --enable-clocale=gnu --enable-libstdcxx-debug --enable-libstdcxx-time=yes --with-default-libstdcxx-abi=new --enable-libstdcxx-backtrace --enable-gnu-unique-object --disable-vtable-verify --enable-plugin --enable-default-pie --with-system-zlib --enable-libphobos-checking=release --with-target-system-zlib=auto --enable-objc-gc=auto --enable-multiarch --disable-werror --enable-cet --with-arch-32=i686 --with-abi=m64 --with-multilib-list=m32,m64,mx32 --enable-multilib --with-tune=generic --enable-offload-targets=nvptx-none=/build/gcc-13-fG75Ri/gcc-13-13.3.0/debian/tmp-nvptx/usr,amdgcn-amdhsa=/build/gcc-13-fG75Ri/gcc-13-13.3.0/debian/tmp-gcn/usr --enable-offload-defaulted --without-cuda-driver --enable-checking=release --build=x86_64-linux-gnu --host=x86_64-linux-gnu --target=x86_64-linux-gnu --with-build-config=bootstrap-lto-lean --enable-link-serialization=2
Thread model: posix
Supported LTO compression algorithms: zlib zstd
gcc version 13.3.0 (Ubuntu 13.3.0-6ubuntu2~24.04) 
... rest of stderr output deleted ...
configure:13216: $? = 0
configure:13205: gfortran -V >&5
gfortran: error: unrecognized command-line option '-V'
gfortran: fatal error: no input files
compilation terminated.
configure:13216: $? = 1
configure:13205: gfortran -qversion >&5
gfortran: error: unrecognized command-line option '-qversion'; did you mean '--version'?
gfortran: fatal error: no input files
compilation terminated.
configure:13216: $? = 1
configure:13225: checking whether the compiler supports GNU Fortran
configure:13239: gfortran -c   conftest.F >&5
configure:13239: $? = 0
configure:13249: result: yes
configure:13257: checking whether gfortran accepts -g
configure:13269: gfortran -c -g  conftest.f >&5
configure:13269: $? = 0
configure:13278: result: yes
configure:13420: checking if libtool supports shared libraries
configure:13422: result: yes
configure:13425: checking whether to build shared libraries
configure:13449: result: yes
configure:13452: checking whether to build static libraries
configure:13456: result: yes
configure:13490: gfortran -c -g -O2  conftest.f >&5
configure:13493: $? = 0
configure:13977: checking for gfortran option to produce PIC
configure:13985: result: -fPIC
configure:13993: checking if gfortran PIC flag -fPIC works
configure:14012: gfortran -c -g -O2 -fPIC  conftest.f >&5
configure:14016: $? = 0
configure:14029: result: yes
configure:14052: checking if gfortran static flag -static works
configure:14081: result: yes
configure:14093: checking if gfortran supports -c -o file.o
configure:14115: gfortran -c -g -O2 -o out/conftest2.o  conftest.f >&5
configure:14119: $? = 0
configure:14141: result: yes
configure:14146: checking if gfortran supports -c -o file.o
configure:14194: result: yes
configure:14224: checking whether the gfortran linker (/usr/bin/ld -m elf_x86_64) supports shared libraries
configure:15443: result: yes
configure:15585: checking dynamic linker characteristics
configure:16339: result: GNU/Linux ld.so
configure:16404: checking how to hardcode library paths into programs
configure:16429: result: immediate
configure:16475: checking for Fortran flag needed to accept free-form source
configure:16495: gfortran -c -g -O2  conftest.f >&5
conftest.f:2:4:

    2 |   program freeform
      |    1
Error: Non-numeric character in statement label at (1)
conftest.f:4:27:

    4 |        print *, 'Hello ', &
      |                           1
Error: Expected expression in PRINT statement at (1)
conftest.f:5:12:

    5 |           'world.'
      |            1
Error: Invalid character in name at (1)
configure:16495: $? = 1
configure: failed program was:
| 
|   program freeform
|        ! FIXME: how to best confuse non-freeform compilers?
|        print *, 'Hello ', &
|           'world.'
|        end
configure:16495: gfortran -c -g -O2 -ffree-form  conftest.f >&5
configure:16495: $? = 0
configure:16505: result: -ffree-form
configure:16529: checking for Fortran flag to compile .f90 files
configure:16550: gfortran -c -g -O2 -ffree-form  conftest.f90 >&5
configure:16550: $? = 0
configure:16560: result: none
configure:16586: checking whether gfortran understands -c and -o together
configure:16605: gfortran -g -O2 -ffree-form -c conftest.f90 -o conftest2.o >&5
configure:16609: $? = 0
configure:16616: gfortran -g -O2 -ffree-form -c conftest.f90 -o conftest2.o >&5
configure:16620: $? = 0
configure:16628: result: yes
configure:16646: checking how to get verbose linking output from gfortran
configure:16657: gfortran -c -g -O2 -ffree-form  conftest.f90 >&5
configure:16657: $? = 0
configure:16676: gfortran -o conftest -g -O2 -ffree-form -v conftest.f90
Using built-in specs.
Target: x86_64-linux-gnu
Thread model: posix
Supported LTO compression algorithms: zlib zstd
gcc version 13.3.0 (Ubuntu 13.3.0-6ubuntu2~24.04) 
 /usr/libexec/gcc/x86_64-linux-gnu/13/f951 conftest.f90 -quiet -dumpbase conftest.f90 -dumpbase-ext .f90 -mtune=generic -march=x86-64 -g -O2 -version -ffree-form -fintrinsic-modules-path /usr/lib/gcc/x86_64-linux-gnu/13/finclude -fpre-include=/usr/include/finclude/x86_64-linux-gnu/math-vector-fortran.h -o /tmp/ccDAULfx.s
GNU Fortran (Ubuntu 13.3.0-6ubuntu2~24.04) version 13.3.0 (x86_64-linux-gnu)
	compiled by GNU C version 13.3.0, GMP version 6.3.0, MPFR version 4.2.1, MPC version 1.3.1, isl version isl-0.26-GMP

GGC heuristics: --param ggc-min-expand=100 --param ggc-min-heapsize=131072
 as -v --gdwarf-5 --64 -o /tmp/ccKeCG2F.o /tmp/ccDAULfx.s
GNU assembler version 2.42 (x86_64-linux-gnu) using BFD version (GNU Binutils for Ubuntu) 2.42
Reading specs from /usr/lib/gcc/x86_64-linux-gnu/13/libgfortran.spec
rename spec lib to liborig
 /usr/libexec/gcc/x86_64-linux-gnu/13/collect2 -plugin /usr/libexec/gcc/x86_64-linux-gnu/13/liblto_plugin.so -plugin-opt=/usr/libexec/gcc/x86_64-linux-gnu/13/lto-wrapper -plugin-opt=-fresolution=/tmp/ccQRPidE.res -plugin-opt=-pass-through=-lgcc_s -plugin-opt=-pass-through=-lgcc -plugin-opt=-pass-through=-lquadmath -plugin-opt=-pass-through=-lm -plugin-opt=-pass-through=-lc -plugin-opt=-pass-through=-lgcc_s -plugin-opt=-pass-through=-lgcc --build-id --eh-frame-hdr -m elf_x86_64 --hash-style=gnu --as-needed -dynamic-linker /lib64/ld-linux-x86-64.so.2 -pie -z now -z relro -o conftest /usr/lib/gcc/x86_64-linux-gnu/13/../../../x86_64-linux-gnu/Scrt1.o /usr/lib/gcc/x86_64-linux-gnu/13/../../../x86_64-linux-gnu/crti.o /usr/lib/gcc/x86_64-linux-gnu/13/crtbeginS.o -L/usr/lib/gcc/x86_64-linux-gnu/13 -L/usr/lib/gcc/x86_64-linux-gnu/13/../../../x86_64-linux-gnu -L/usr/lib/gcc/x86_64-linux-gnu/13/../../../../lib -L/lib/x86_64-linux-gnu -L/lib/../lib -L/usr/lib/x86_64-linux-gnu -L/usr/lib/../lib -L/usr/lib/gcc/x86_64-linux-gnu/13/../../.. /tmp/ccKeCG2F.o -lgfortran -lm -lgcc_s -lgcc --as-needed -lquadmath --no-as-needed -lm -lc -lgcc_s -lgcc /usr/lib/gcc/x86_64-linux-gnu/13/crtendS.o /usr/lib/gcc/x86_64-linux-gnu/13/../../../x86_64-linux-gnu/crtn.o
configure:16759: result: -v
configure:16761: checking for Fortran libraries of gfortran
configure:16785: gfortran -o conftest -g -O2 -ffree-form -v conftest.f90
Using built-in specs.
Target: x86_64-linux-gnu
Thread model: posix
Supported LTO compression algorithms: zlib zstd
gcc version 13.3.0 (Ubuntu 13.3.0-6ubuntu2~24.04) 
 /usr/libexec/gcc/x86_64-linux-gnu/13/f951 conftest.f90 -quiet -dumpbase conftest.f90 -dumpbase-ext .f90 -mtune=generic -march=x86-64 -g -O2 -version -ffree-form -fintrinsic-modules-path /usr/lib/gcc/x86_64-linux-gnu/13/finclude -fpre-include=/usr/include/finclude/x86_64-linux-gnu/math-vector-fortran.h -o /tmp/cc2vuqj1.s
GNU Fortran (Ubuntu 13.3.0-6ubuntu2~24.04) version 13.3.0 (x86_64-linux-gnu)
	compiled by GNU C version 13.3.0, GMP version 6.3.0, MPFR version 4.2.1, MPC version 1.3.1, isl version isl-0.26-GMP

GGC heuristics: --param ggc-min-expand=100 --param ggc-min-heapsize=131072
 as -v --gdwarf-5 --64 -o /tmp/cc6OlmmR.o /tmp/cc2vuqj1.s
GNU assembler version 2.42 (x86_64-linux-gnu) using BFD version (GNU Binutils for Ubuntu) 2.42
Reading specs from /usr/lib/gcc/x86_64-linux-gnu/13/libgfortran.spec
rename spec lib to liborig
 /usr/libexec/gcc/x86_64-linux-gnu/13/collect2 -plugin /usr/libexec/gcc/x86_64-linux-gnu/13/liblto_plugin.so -plugin-opt=/usr/libexec/gcc/x86_64-linux-gnu/13/lto-wrapper -plugin-opt=-fresolution=/tmp/ccfFfLEH.res -plugin-opt=-pass-through=-lgcc_s -plugin-opt=-pass-through=-lgcc -plugin-opt=-pass-through=-lquadmath -plugin-opt=-pass-through=-lm -plugin-opt=-pass-through=-lc -plugin-opt=-pass-through=-lgcc_s -plugin-opt=-pass-through=-lgcc --build-id --eh-frame-hdr -m elf_x86_64 --hash-style=gnu --as-needed -dynamic-linker /lib64/ld-linux-x86-64.so.2 -pie -z now -z relro -o conftest /usr/lib/gcc/x86_64-linux-gnu/13/../../../x86_64-linux-gnu/Scrt1.o /usr/lib/gcc/x86_64-linux-gnu/13/../../../x86_64-linux-gnu/crti.o /usr/lib/gcc/x86_64-linux-gnu/13/crtbeginS.o -L/usr/lib/gcc/x86_64-linux-gnu/13 -L/usr/lib/gcc/x86_64-linux-gnu/13/../../../x86_64-linux-gnu -L/usr/lib/gcc/x86_64-linux-gnu/13/../../../../lib -L/lib/x86_64-linux-gnu -L/lib/../lib -L/usr/lib/x86_64-linux-gnu -L/usr/lib/../lib -L/usr/lib/gcc/x86_64-linux-gnu/13/../../.. /tmp/cc6OlmmR.o -lgfortran -lm -lgcc_s -lgcc --as-needed -lquadmath --no-as-needed -lm -lc -lgcc_s -lgcc /usr/lib/gcc/x86_64-linux-gnu/13/crtendS.o /usr/lib/gcc/x86_64-linux-gnu/13/../../../x86_64-linux-gnu/crtn.o
configure:17001: result:  -L/usr/lib/gcc/x86_64-linux-gnu/13 -L/usr/lib/gcc/x86_64-linux-gnu/13/../../../x86_64-linux-gnu -L/usr/lib/gcc/x86_64-linux-gnu/13/../../../../lib -L/lib/x86_64-linux-gnu -L/lib/../lib -L/usr/lib/x86_64-linux-gnu -L/usr/lib/../lib -L/usr/lib/gcc/x86_64-linux-gnu/13/../../.. -lgfortran -lm -lquadmath
configure:17095: checking for gcc
configure:17127: result: gcc
configure:17480: checking for C compiler version
configure:17489: gcc --version >&5
gcc (Ubuntu 13.3.0-6ubuntu2~24.04) 13.3.0
Copyright (C) 2023 Free Software Foundation, Inc.
This is free software; see the source for copying conditions.  There is NO
warranty; not even for MERCHANTABILITY or FITNESS FOR A PARTICULAR PURPOSE.

configure:17500: $? = 0
configure:17489: gcc -v >&5
Using built-in specs.
COLLECT_GCC=gcc
COLLECT_LTO_WRAPPER=/usr/libexec/gcc/x86_64-linux-gnu/13/lto-wrapper
OFFLOAD_TARGET_NAMES=nvptx-none:amdgcn-amdhsa
OFFLOAD_TARGET_DEFAULT=1
Target: x86_64-linux-gnu
Configured with: ../src/configure -v --with-pkgversion='Ubuntu 13.3.0-6ubuntu2~24.04' --with-bugurl=file:///usr/share/doc/gcc-13/README.Bugs --enable-languages=c,ada,c++,go,d,fortran,objc,obj-c++,m2 --prefix=/usr --with-gcc-major-version-only --program-suffix=-13 --program-prefix=x86_64-linux-gnu- --enable-shared --enable-linker-build-id --libexecdir=/usr/libexec --without-included-gettext --enable-threads=posix --libdir=/usr/lib --enable-nls --enable-bootstrap --enable-clocale=gnu --enable-libstdcxx-debug --enable-libstdcxx-time=yes --with-default-libstdcxx-abi=new --enable-libstdcxx-backtrace --enable-gnu-unique-object --disable-vtable-verify --enable-plugin --enable-default-pie --with-system-zlib --enable-libphobos-checking=release --with-target-system-zlib=auto --enable-objc-gc=auto --enable-multiarch --disable-werror --enable-cet --with-arch-32=i686 --with-abi=m64 --with-multilib-list=m32,m64,mx32 --enable-multilib --with-tune=generic --enable-offload-targets=nvptx-none=/build/gcc-13-fG75Ri/gcc-13-13.3.0/debian/tmp-nvptx/usr,amdgcn-amdhsa=/build/gcc-13-fG75Ri/gcc-13-13.3.0/debian/tmp-gcn/usr --enable-offload-defaulted --without-cuda-driver --enable-checking=release --build=x86_64-linux-gnu --host=x86_64-linux-gnu --target=x86_64-linux-gnu --with-build-config=bootstrap-lto-lean --enable-link-serialization=2
Thread model: posix
Supported LTO compression algorithms: zlib zstd
gcc version 13.3.0 (Ubuntu 13.3.0-6ubuntu2~24.04) 
... rest of stderr output deleted ...
configure:17500: $? = 0
configure:17489: gcc -V >&5
gcc: error: unrecognized command-line option '-V'
gcc: fatal error: no input files
compilation terminated.
configure:17500: $? = 1
configure:17489: gcc -qversion >&5
gcc: error: unrecognized command-line option '-qversion'; did you mean '--version'?
gcc: fatal error: no input files
compilation terminated.
configure:17500: $? = 1
configure:17489: gcc -version >&5
gcc: error: unrecognized command-line option '-version'
gcc: fatal error: no input files
compilation terminated.
configure:17500: $? = 1
configure:17504: checking whether the compiler supports GNU C
configure:17534: result: yes
configure:17545: checking whether gcc accepts -g
configure:17610: result: yes
configure:17630: checking for gcc option to enable C11 features
configure:17663: result: none needed
configure:17779: checking whether gcc understands -c and -o together
configure:17817: result: yes
configure:17836: checking dependency style of gcc
configure:17948: result: gcc3
configure:17971: checking whether gcc and cc understand -c and -o together
configure:18003: gcc -c conftest.c -o conftest2.o >&5
configure:18007: $? = 0
configure:18013: gcc -c conftest.c -o conftest2.o >&5
configure:18017: $? = 0
configure:18028: cc -c conftest.c >&5
configure:18032: $? = 0
configure:18040: cc -c conftest.c -o conftest2.o >&5
configure:18044: $? = 0
configure:18050: cc -c conftest.c -o conftest2.o >&5
configure:18054: $? = 0
configure:18072: result: yes
configure:18145: checking for pkg-config
configure:18168: found /usr/bin/pkg-config
configure:18180: result: /usr/bin/pkg-config
configure:18205: checking pkg-config is at least version 0.9.0
configure:18208: result: yes
configure:18218: checking whether ln -s works
configure:18222: result: yes
configure:18229: checking for grep that handles long lines and -e
configure:18293: result: /usr/bin/grep
configure:18315: checking for cp
configure:18336: found /usr/bin/cp
configure:18347: result: cp
configure:18359: checking for cp -r -n option
configure:18387: gcc -o conftest -g -O2 -fPIC   conftest.c  >&5
configure:18387: $? = 0
configure:18387: ./conftest
cp: warning: behavior of -n is non-portable and may change in future; use --update=none instead
configure:18387: $? = 0
configure:18391: result: yes
configure:18413: checking for fcntl.h
configure:18413: gcc -c -g -O2 -fPIC  conftest.c >&5
configure:18413: $? = 0
configure:18413: result: yes
configure:18419: checking for inttypes.h
configure:18419: result: yes
configure:18425: checking for stdint.h
configure:18425: result: yes
configure:18431: checking for stdbool.h
configure:18431: gcc -c -g -O2 -fPIC  conftest.c >&5
configure:18431: $? = 0
configure:18431: result: yes
configure:18437: checking for stdlib.h
configure:18437: result: yes
configure:18443: checking for string.h
configure:18443: result: yes
configure:18449: checking for unistd.h
configure:18449: result: yes
configure:18455: checking for sys/types.h
configure:18455: result: yes
configure:18461: checking for sys/wait.h
configure:18461: gcc -c -g -O2 -fPIC  conftest.c >&5
configure:18461: $? = 0
configure:18461: result: yes
configure:18505: $PKG_CONFIG --exists --print-errors "hdf5"
configure:18508: $? = 0
configure:18513: checking for hdf5 >= 1.8
configure:18520: $PKG_CONFIG --exists --print-errors "hdf5 >= 1.8"
configure:18523: $? = 0
configure:18537: $PKG_CONFIG --exists --print-errors "hdf5 >= 1.8"
configure:18540: $? = 0
configure:18598: result: yes
configure:18730: checking for H5Fcreate in -lhdf5
configure:18753: gcc -o conftest -I/usr/include/hdf5/serial  -g -O2 -fPIC     conftest.c -lhdf5  -L/usr/lib/x86_64-linux-gnu/hdf5/serial -lhdf5   >&5
configure:18753: $? = 0
configure:18763: result: yes
configure:18776: checking for hdf5.h
configure:18776: gcc -c -I/usr/include/hdf5/serial  -g -O2 -fPIC   conftest.c >&5
configure:18776: $? = 0
configure:18776: result: yes
configure:18798: checking for int32_t
configure:18798: gcc -c -I/usr/include/hdf5/serial  -g -O2 -fPIC   conftest.c >&5
configure:18798: $? = 0
configure:18798: gcc -c -I/usr/include/hdf5/serial  -g -O2 -fPIC   conftest.c >&5
conftest.c: In function 'main':
conftest.c:72:67: warning: integer overflow in expression of type 'int' results in '-2147483648' [-Woverflow]
   72 |                  < (int32_t) (((((int32_t) 1 << N) << N) - 1) * 2 + 2))];
      |                                                                   ^
conftest.c:71:12: error: storage size of 'test_array' isn't constant
   71 | static int test_array [1 - 2 * !((int32_t) (((((int32_t) 1 << N) << N) - 1) * 2 + 1)
      |            ^~~~~~~~~~
configure:18798: $? = 1
configure: failed program was:
| /* confdefs.h */
| #define PACKAGE_NAME "trexio"
| #define PACKAGE_TARNAME "trexio"
| #define PACKAGE_VERSION "2.5.0"
| #define PACKAGE_STRING "trexio 2.5.0"
| #define PACKAGE_BUGREPORT "https://github.com/TREX-CoE/trexio/issues"
| #define PACKAGE_URL ""
| #define PACKAGE "trexio"
| #define VERSION "2.5.0"
| #define HAVE_STDIO_H 1
| #define HAVE_STDLIB_H 1
| #define HAVE_STRING_H 1
| #define HAVE_INTTYPES_H 1
| #define HAVE_STDINT_H 1
| #define HAVE_STRINGS_H 1
| #define HAVE_SYS_STAT_H 1
| #define HAVE_SYS_TYPES_H 1
| #define HAVE_UNISTD_H 1
| #define STDC_HEADERS 1
| #define HAVE_DLFCN_H 1
| #define LT_OBJDIR ".libs/"
| #define VERSION_MAJOR 2
| #define VERSION_MINOR 5
| #define VERSION_PATCH 0
| #define TREXIO_USER_NAME "qadeer485"
| #define CP_COMMAND "cp", "-r", "-n"
| #define HAVE_FCNTL_H 1
| #define HAVE_INTTYPES_H 1
| #define HAVE_STDINT_H 1
| #define HAVE_STDBOOL_H 1
| #define HAVE_STDLIB_H 1
| #define HAVE_STRING_H 1
| #define HAVE_UNISTD_H 1
| #define HAVE_SYS_TYPES_H 1
| #define HAVE_SYS_WAIT_H 1
| #define HAVE_HDF5 1
| #define HAVE_LIBHDF5 1
| /* end confdefs.h.  */
| #include <stddef.h>
| #ifdef HAVE_STDIO_H
| # include <stdio.h>
| #endif
| #ifdef HAVE_STDLIB_H
| # include <stdlib.h>
| #endif
| #ifdef HAVE_STRING_H
| # include <string.h>
| #endif
| #ifdef HAVE_INTTYPES_H
| # include <inttypes.h>
| #endif
| #ifdef HAVE_STDINT_H
| # include <stdint.h>
| #endif
| #ifdef HAVE_STRINGS_H
| # include <strings.h>
| #endif
| #ifdef HAVE_SYS_TYPES_H
| # include <sys/types.h>
| #endif
| #ifdef HAVE_SYS_STAT_H
| # include <sys/stat.h>
| #endif
| #ifdef HAVE_UNISTD_H
| # include <unistd.h>
| #endif
| 	        enum { N = 32 / 2 - 1 };
| int
| main (void)
| {
| static int test_array [1 - 2 * !((int32_t) (((((int32_t) 1 << N) << N) - 1) * 2 + 1)
| 		 < (int32_t) (((((int32_t) 1 << N) << N) - 1) * 2 + 2))];
| test_array [0] = 0;
| return test_array [0];
| 
|   ;
|   return 0;
| }
configure:18798: result: yes
configure:18807: checking for int64_t
configure:18807: gcc -c -I/usr/include/hdf5/serial  -g -O2 -fPIC   conftest.c >&5
configure:18807: $? = 0
configure:18807: gcc -c -I/usr/include/hdf5/serial  -g -O2 -fPIC   conftest.c >&5
conftest.c: In function 'main':
conftest.c:72:67: warning: integer overflow in expression of type 'long int' results in '-9223372036854775808' [-Woverflow]
   72 |                  < (int64_t) (((((int64_t) 1 << N) << N) - 1) * 2 + 2))];
      |                                                                   ^
conftest.c:71:12: error: storage size of 'test_array' isn't constant
   71 | static int test_array [1 - 2 * !((int64_t) (((((int64_t) 1 << N) << N) - 1) * 2 + 1)
      |            ^~~~~~~~~~
configure:18807: $? = 1
configure: failed program was:
| /* confdefs.h */
| #define PACKAGE_NAME "trexio"
| #define PACKAGE_TARNAME "trexio"
| #define PACKAGE_VERSION "2.5.0"
| #define PACKAGE_STRING "trexio 2.5.0"
| #define PACKAGE_BUGREPORT "https://github.com/TREX-CoE/trexio/issues"
| #define PACKAGE_URL ""
| #define PACKAGE "trexio"
| #define VERSION "2.5.0"
| #define HAVE_STDIO_H 1
| #define HAVE_STDLIB_H 1
| #define HAVE_STRING_H 1
| #define HAVE_INTTYPES_H 1
| #define HAVE_STDINT_H 1
| #define HAVE_STRINGS_H 1
| #define HAVE_SYS_STAT_H 1
| #define HAVE_SYS_TYPES_H 1
| #define HAVE_UNISTD_H 1
| #define STDC_HEADERS 1
| #define HAVE_DLFCN_H 1
| #define LT_OBJDIR ".libs/"
| #define VERSION_MAJOR 2
| #define VERSION_MINOR 5
| #define VERSION_PATCH 0
| #define TREXIO_USER_NAME "qadeer485"
| #define CP_COMMAND "cp", "-r", "-n"
| #define HAVE_FCNTL_H 1
| #define HAVE_INTTYPES_H 1
| #define HAVE_STDINT_H 1
| #define HAVE_STDBOOL_H 1
| #define HAVE_STDLIB_H 1
| #define HAVE_STRING_H 1
| #define HAVE_UNISTD_H 1
| #define HAVE_SYS_TYPES_H 1
| #define HAVE_SYS_WAIT_H 1
| #define HAVE_HDF5 1
| #define HAVE_LIBHDF5 1
| /* end confdefs.h.  */
| #include <stddef.h>
| #ifdef HAVE_STDIO_H
| # include <stdio.h>
| #endif
| #ifdef HAVE_STDLIB_H
| # include <stdlib.h>
| #endif
| #ifdef HAVE_STRING_H
| # include <string.h>
| #endif
| #ifdef HAVE_INTTYPES_H
| # include <inttypes.h>
| #endif
| #ifdef HAVE_STDINT_H
| # include <stdint.h>
| #endif
| #ifdef HAVE_STRINGS_H
| # include <strings.h>
| #endif
| #ifdef HAVE_SYS_TYPES_H
| # include <sys/types.h>
| #endif
| #ifdef HAVE_SYS_STAT_H
| # include <sys/stat.h>
| #endif
| #ifdef HAVE_UNISTD_H
| # include <unistd.h>
| #endif
| 	        enum { N = 64 / 2 - 1 };
| int
| main (void)
| {
| static int test_array [1 - 2 * !((int64_t) (((((int64_t) 1 << N) << N) - 1) * 2 + 1)
| 		 < (int64_t) (((((int64_t) 1 << N) << N) - 1) * 2 + 2))];
| test_array [0] = 0;
| return test_array [0];
| 
|   ;
|   return 0;
| }
configure:18807: result: yes
configure:18816: checking for size_t
configure:18816: gcc -c -I/usr/include/hdf5/serial  -g -O2 -fPIC   conftest.c >&5
configure:18816: $? = 0
configure:18816: gcc -c -I/usr/include/hdf5/serial  -g -O2 -fPIC   conftest.c >&5
conftest.c: In function 'main':
conftest.c:70:21: error: expected expression before ')' token
   70 | if (sizeof ((size_t)))
      |                     ^
configure:18816: $? = 1
configure: failed program was:
| /* confdefs.h */
| #define PACKAGE_NAME "trexio"
| #define PACKAGE_TARNAME "trexio"
| #define PACKAGE_VERSION "2.5.0"
| #define PACKAGE_STRING "trexio 2.5.0"
| #define PACKAGE_BUGREPORT "https://github.com/TREX-CoE/trexio/issues"
| #define PACKAGE_URL ""
| #define PACKAGE "trexio"
| #define VERSION "2.5.0"
| #define HAVE_STDIO_H 1
| #define HAVE_STDLIB_H 1
| #define HAVE_STRING_H 1
| #define HAVE_INTTYPES_H 1
| #define HAVE_STDINT_H 1
| #define HAVE_STRINGS_H 1
| #define HAVE_SYS_STAT_H 1
| #define HAVE_SYS_TYPES_H 1
| #define HAVE_UNISTD_H 1
| #define STDC_HEADERS 1
| #define HAVE_DLFCN_H 1
| #define LT_OBJDIR ".libs/"
| #define VERSION_MAJOR 2
| #define VERSION_MINOR 5
| #define VERSION_PATCH 0
| #define TREXIO_USER_NAME "qadeer485"
| #define CP_COMMAND "cp", "-r", "-n"
| #define HAVE_FCNTL_H 1
| #define HAVE_INTTYPES_H 1
| #define HAVE_STDINT_H 1
| #define HAVE_STDBOOL_H 1
| #define HAVE_STDLIB_H 1
| #define HAVE_STRING_H 1
| #define HAVE_UNISTD_H 1
| #define HAVE_SYS_TYPES_H 1
| #define HAVE_SYS_WAIT_H 1
| #define HAVE_HDF5 1
| #define HAVE_LIBHDF5 1
| /* end confdefs.h.  */
| #include <stddef.h>
| #ifdef HAVE_STDIO_H
| # include <stdio.h>
| #endif
| #ifdef HAVE_STDLIB_H
| # include <stdlib.h>
| #endif
| #ifdef HAVE_STRING_H
| # include <string.h>
| #endif
| #ifdef HAVE_INTTYPES_H
| # include <inttypes.h>
| #endif
| #ifdef HAVE_STDINT_H
| # include <stdint.h>
| #endif
| #ifdef HAVE_STRINGS_H
| # include <strings.h>
| #endif
| #ifdef HAVE_SYS_TYPES_H
| # include <sys/types.h>
| #endif
| #ifdef HAVE_SYS_STAT_H
| # include <sys/stat.h>
| #endif
| #ifdef HAVE_UNISTD_H
| # include <unistd.h>
| #endif
| int
| main (void)
| {
| if (sizeof ((size_t)))
| 	    return 0;
|   ;
|   return 0;
| }
configure:18816: result: yes
configure:18826: checking for uint32_t
configure:18826: gcc -c -I/usr/include/hdf5/serial  -g -O2 -fPIC   conftest.c >&5
configure:18826: $? = 0
configure:18826: result: yes
configure:18838: checking for uint64_t
configure:18838: gcc -c -I/usr/include/hdf5/serial  -g -O2 -fPIC   conftest.c >&5
configure:18838: $? = 0
configure:18838: result: yes
configure:18851: checking for pid_t
configure:18851: gcc -c -I/usr/include/hdf5/serial  -g -O2 -fPIC   conftest.c >&5
configure:18851: $? = 0
configure:18851: gcc -c -I/usr/include/hdf5/serial  -g -O2 -fPIC   conftest.c >&5
conftest.c: In function 'main':
conftest.c:71:20: error: expected expression before ')' token
   71 | if (sizeof ((pid_t)))
      |                    ^
configure:18851: $? = 1
configure: failed program was:
| /* confdefs.h */
| #define PACKAGE_NAME "trexio"
| #define PACKAGE_TARNAME "trexio"
| #define PACKAGE_VERSION "2.5.0"
| #define PACKAGE_STRING "trexio 2.5.0"
| #define PACKAGE_BUGREPORT "https://github.com/TREX-CoE/trexio/issues"
| #define PACKAGE_URL ""
| #define PACKAGE "trexio"
| #define VERSION "2.5.0"
| #define HAVE_STDIO_H 1
| #define HAVE_STDLIB_H 1
| #define HAVE_STRING_H 1
| #define HAVE_INTTYPES_H 1
| #define HAVE_STDINT_H 1
| #define HAVE_STRINGS_H 1
| #define HAVE_SYS_STAT_H 1
| #define HAVE_SYS_TYPES_H 1
| #define HAVE_UNISTD_H 1
| #define STDC_HEADERS 1
| #define HAVE_DLFCN_H 1
| #define LT_OBJDIR ".libs/"
| #define VERSION_MAJOR 2
| #define VERSION_MINOR 5
| #define VERSION_PATCH 0
| #define TREXIO_USER_NAME "qadeer485"
| #define CP_COMMAND "cp", "-r", "-n"
| #define HAVE_FCNTL_H 1
| #define HAVE_INTTYPES_H 1
| #define HAVE_STDINT_H 1
| #define HAVE_STDBOOL_H 1
| #define HAVE_STDLIB_H 1
| #define HAVE_STRING_H 1
| #define HAVE_UNISTD_H 1
| #define HAVE_SYS_TYPES_H 1
| #define HAVE_SYS_WAIT_H 1
| #define HAVE_HDF5 1
| #define HAVE_LIBHDF5 1
| /* end confdefs.h.  */
| #include <stddef.h>
| #ifdef HAVE_STDIO_H
| # include <stdio.h>
| #endif
| #ifdef HAVE_STDLIB_H
| # include <stdlib.h>
| #endif
| #ifdef HAVE_STRING_H
| # include <string.h>
| #endif
| #ifdef HAVE_INTTYPES_H
| # include <inttypes.h>
| #endif
| #ifdef HAVE_STDINT_H
| # include <stdint.h>
| #endif
| #ifdef HAVE_STRINGS_H
| # include <strings.h>
| #endif
| #ifdef HAVE_SYS_TYPES_H
| # include <sys/types.h>
| #endif
| #ifdef HAVE_SYS_STAT_H
| # include <sys/stat.h>
| #endif
| #ifdef HAVE_UNISTD_H
| # include <unistd.h>
| #endif
| 
| int
| main (void)
| {
| if (sizeof ((pid_t)))
| 	    return 0;
|   ;
|   return 0;
| }
configure:18851: result: yes
configure:18887: checking for an ANSI C-conforming const
configure:18954: gcc -c -I/usr/include/hdf5/serial  -g -O2 -fPIC   conftest.c >&5
configure:18954: $? = 0
configure:18962: result: yes
configure:18970: checking for inline
configure:18987: gcc -c -I/usr/include/hdf5/serial  -g -O2 -fPIC   conftest.c >&5
configure:18987: $? = 0
configure:18996: result: inline
configure:19017: checking for memset
configure:19017: gcc -o conftest -I/usr/include/hdf5/serial  -g -O2 -fPIC     conftest.c -L/usr/lib/x86_64-linux-gnu/hdf5/serial -lhdf5   >&5
conftest.c:55:6: warning: conflicting types for built-in function 'memset'; expected 'void *(void *, int,  long unsigned int)' [-Wbuiltin-declaration-mismatch]
   55 | char memset ();
      |      ^~~~~~
conftest.c:47:1: note: 'memset' is declared in header '<string.h>'
   46 | #include <limits.h>
   47 | #undef memset
configure:19017: $? = 0
configure:19017: result: yes
configure:19023: checking for mkdir
configure:19023: gcc -o conftest -I/usr/include/hdf5/serial  -g -O2 -fPIC     conftest.c -L/usr/lib/x86_64-linux-gnu/hdf5/serial -lhdf5   >&5
configure:19023: $? = 0
configure:19023: result: yes
configure:19029: checking for strerror
configure:19029: gcc -o conftest -I/usr/include/hdf5/serial  -g -O2 -fPIC     conftest.c -L/usr/lib/x86_64-linux-gnu/hdf5/serial -lhdf5   >&5
configure:19029: $? = 0
configure:19029: result: yes
configure:19854: checking for library containing sqrt
configure:19884: gcc -o conftest -I/usr/include/hdf5/serial  -g -O2 -fPIC     conftest.c -L/usr/lib/x86_64-linux-gnu/hdf5/serial -lhdf5   >&5
conftest.c:47:6: warning: conflicting types for built-in function 'sqrt'; expected 'double(double)' [-Wbuiltin-declaration-mismatch]
   47 | char sqrt ();
      |      ^~~~
conftest.c:1:1: note: 'sqrt' is declared in header '<math.h>'
    1 | /* confdefs.h */
/usr/bin/ld: /tmp/ccgK4EaR.o: in function `main':
/home/qadeer485/tccm-homeworks/cc/trexio-2.5.0/conftest.c:51:(.text.startup+0xb): undefined reference to `sqrt'
collect2: error: ld returned 1 exit status
configure:19884: $? = 1
configure: failed program was:
| /* confdefs.h */
| #define PACKAGE_NAME "trexio"
| #define PACKAGE_TARNAME "trexio"
| #define PACKAGE_VERSION "2.5.0"
| #define PACKAGE_STRING "trexio 2.5.0"
| #define PACKAGE_BUGREPORT "https://github.com/TREX-CoE/trexio/issues"
| #define PACKAGE_URL ""
| #define PACKAGE "trexio"
| #define VERSION "2.5.0"
| #define HAVE_STDIO_H 1
| #define HAVE_STDLIB_H 1
| #define HAVE_STRING_H 1
| #define HAVE_INTTYPES_H 1
| #define HAVE_STDINT_H 1
| #define HAVE_STRINGS_H 1
| #define HAVE_SYS_STAT_H 1
| #define HAVE_SYS_TYPES_H 1
| #define HAVE_UNISTD_H 1
| #define STDC_HEADERS 1
| #define HAVE_DLFCN_H 1
| #define LT_OBJDIR ".libs/"
| #define VERSION_MAJOR 2
| #define VERSION_MINOR 5
| #define VERSION_PATCH 0
| #define TREXIO_USER_NAME "qadeer485"
| #define CP_COMMAND "cp", "-r", "-n"
| #define HAVE_FCNTL_H 1
| #define HAVE_INTTYPES_H 1
| #define HAVE_STDINT_H 1
| #define HAVE_STDBOOL_H 1
| #define HAVE_STDLIB_H 1
| #define HAVE_STRING_H 1
| #define HAVE_UNISTD_H 1
| #define HAVE_SYS_TYPES_H 1
| #define HAVE_SYS_WAIT_H 1
| #define HAVE_HDF5 1
| #define HAVE_LIBHDF5 1
| #define HAVE_MEMSET 1
| #define HAVE_MKDIR 1
| #define HAVE_STRERROR 1
| #define GIT_HASH "d0044bf7a006c9daa1e5299526421229b2ab059f"
| /* end confdefs.h.  */
| 
| /* Override any GCC internal prototype to avoid an error.
|    Use char because int might match the return type of a GCC
|    builtin and then its argument prototype would still apply.  */
| char sqrt ();
| int
| main (void)
| {
| return sqrt ();
|   ;
|   return 0;
| }
configure:19884: gcc -o conftest -I/usr/include/hdf5/serial  -g -O2 -fPIC     conftest.c -lm  -L/usr/lib/x86_64-linux-gnu/hdf5/serial -lhdf5   >&5
conftest.c:47:6: warning: conflicting types for built-in function 'sqrt'; expected 'double(double)' [-Wbuiltin-declaration-mismatch]
   47 | char sqrt ();
      |      ^~~~
conftest.c:1:1: note: 'sqrt' is declared in header '<math.h>'
    1 | /* confdefs.h */
configure:19884: $? = 0
configure:19904: result: -lm
configure:19915: checking for math.h
configure:19915: gcc -c -I/usr/include/hdf5/serial  -g -O2 -fPIC   conftest.c >&5
configure:19915: $? = 0
configure:19915: result: yes
configure:19926: checking for library containing pthread_create
configure:19956: gcc -o conftest -I/usr/include/hdf5/serial  -g -O2 -fPIC     conftest.c -lm -L/usr/lib/x86_64-linux-gnu/hdf5/serial -lhdf5   >&5
configure:19956: $? = 0
configure:19976: result: none required
configure:19987: checking for pthread.h
configure:19987: gcc -c -I/usr/include/hdf5/serial  -g -O2 -fPIC   conftest.c >&5
configure:19987: $? = 0
configure:19987: result: yes
configure:20099: checking that generated files are newer than configure
configure:20105: result: done
configure:20148: creating ./config.status

## ---------------------- ##
## Running config.status. ##
## ---------------------- ##

This file was extended by trexio config.status 2.5.0, which was
generated by GNU Autoconf 2.71.  Invocation command line was

  CONFIG_FILES    = 
  CONFIG_HEADERS  = 
  CONFIG_LINKS    = 
  CONFIG_COMMANDS = 
  $ ./config.status 

on Qadeer

config.status:1201: creating Makefile
config.status:1201: creating pkgconfig/trexio.pc
config.status:1201: creating include/config.h
config.status:1430: executing depfiles commands
config.status:1507: cd .       && sed -e '/# am--include-marker/d' Makefile         | make -f - am--depfiles
config.status:1512: $? = 0
config.status:1430: executing libtool commands

## ---------------- ##
## Cache variables. ##
## ---------------- ##

ac_cv_build=x86_64-pc-linux-gnu
ac_cv_c_compiler_gnu=yes
ac_cv_c_const=yes
ac_cv_c_inline=inline
ac_cv_c_int32_t=yes
ac_cv_c_int64_t=yes
ac_cv_c_uint32_t=yes
ac_cv_c_uint64_t=yes
ac_cv_env_CC_set=
ac_cv_env_CC_value=
ac_cv_env_CFLAGS_set=
ac_cv_env_CFLAGS_value=
ac_cv_env_CPPFLAGS_set=
ac_cv_env_CPPFLAGS_value=
ac_cv_env_FCFLAGS_set=
ac_cv_env_FCFLAGS_value=
ac_cv_env_FC_set=
ac_cv_env_FC_value=
ac_cv_env_HDF5_CFLAGS_set=
ac_cv_env_HDF5_CFLAGS_value=
ac_cv_env_HDF5_LIBS_set=
ac_cv_env_HDF5_LIBS_value=
ac_cv_env_LDFLAGS_set=
ac_cv_env_LDFLAGS_value=
ac_cv_env_LIBS_set=
ac_cv_env_LIBS_value=
ac_cv_env_LT_SYS_LIBRARY_PATH_set=
ac_cv_env_LT_SYS_LIBRARY_PATH_value=
ac_cv_env_PKG_CONFIG_LIBDIR_set=
ac_cv_env_PKG_CONFIG_LIBDIR_value=
ac_cv_env_PKG_CONFIG_PATH_set=
ac_cv_env_PKG_CONFIG_PATH_value=
ac_cv_env_PKG_CONFIG_set=
ac_cv_env_PKG_CONFIG_value=
ac_cv_env_PYTHON_set=
ac_cv_env_PYTHON_value=
ac_cv_env_build_alias_set=
ac_cv_env_build_alias_value=
ac_cv_env_host_alias_set=
ac_cv_env_host_alias_value=
ac_cv_env_target_alias_set=
ac_cv_env_target_alias_value=
ac_cv_fc_compiler_gnu=yes
ac_cv_fc_freeform=-ffree-form
ac_cv_fc_libs=' -L/usr/lib/gcc/x86_64-linux-gnu/13 -L/usr/lib/gcc/x86_64-linux-gnu/13/../../../x86_64-linux-gnu -L/usr/lib/gcc/x86_64-linux-gnu/13/../../../../lib -L/lib/x86_64-linux-gnu -L/lib/../lib -L/usr/lib/x86_64-linux-gnu -L/usr/lib/../lib -L/usr/lib/gcc/x86_64-linux-gnu/13/../../.. -lgfortran -lm -lquadmath'
ac_cv_fc_srcext_f90=none
ac_cv_func_memset=yes
ac_cv_func_mkdir=yes
ac_cv_func_strerror=yes
ac_cv_header_dlfcn_h=yes
ac_cv_header_fcntl_h=yes
ac_cv_header_hdf5_h=yes
ac_cv_header_inttypes_h=yes
ac_cv_header_math_h=yes
ac_cv_header_pthread_h=yes
ac_cv_header_stdbool_h=yes
ac_cv_header_stdint_h=yes
ac_cv_header_stdio_h=yes
ac_cv_header_stdlib_h=yes
ac_cv_header_string_h=yes
ac_cv_header_strings_h=yes
ac_cv_header_sys_stat_h=yes
ac_cv_header_sys_types_h=yes
ac_cv_header_sys_wait_h=yes
ac_cv_header_unistd_h=yes
ac_cv_host=x86_64-pc-linux-gnu
ac_cv_lib_hdf5_H5Fcreate=yes
ac_cv_objext=o
ac_cv_path_EGREP='/usr/bin/grep -E'
ac_cv_path_FGREP='/usr/bin/grep -F'
ac_cv_path_GREP=/usr/bin/grep
ac_cv_path_SED=/usr/bin/sed
ac_cv_path_ac_pt_PKG_CONFIG=/usr/bin/pkg-config
ac_cv_path_install='/usr/bin/install -c'
ac_cv_path_lt_DD=/usr/bin/dd
ac_cv_path_mkdir=/usr/bin/mkdir
ac_cv_prog_AWK=gawk
ac_cv_prog_CP_PROG=cp
ac_cv_prog_ac_ct_AR=ar
ac_cv_prog_ac_ct_CC=gcc
ac_cv_prog_ac_ct_FC=gfortran
ac_cv_prog_ac_ct_OBJDUMP=objdump
ac_cv_prog_ac_ct_RANLIB=ranlib
ac_cv_prog_ac_ct_STRIP=strip
ac_cv_prog_cc_c11=
ac_cv_prog_cc_g=yes
ac_cv_prog_cc_gcc_c_o=yes
ac_cv_prog_cc_stdc=
ac_cv_prog_fc_c_o=yes
ac_cv_prog_fc_g=yes
ac_cv_prog_fc_v=-v
ac_cv_prog_make_make_set=yes
ac_cv_search_pthread_create='none required'
ac_cv_search_sqrt=-lm
ac_cv_type_pid_t=yes
ac_cv_type_size_t=yes
am_cv_CC_dependencies_compiler_type=gcc3
am_cv_ar_interface=ar
am_cv_make_support_nested_variables=yes
am_cv_prog_cc_c_o=yes
lt_cv_ar_at_file=@
lt_cv_archive_cmds_need_lc=no
lt_cv_deplibs_check_method=pass_all
lt_cv_file_magic_cmd='$MAGIC_CMD'
lt_cv_file_magic_test_file=
lt_cv_ld_reload_flag=-r
lt_cv_nm_interface='BSD nm'
lt_cv_objdir=.libs
lt_cv_path_LD=/usr/bin/ld
lt_cv_path_NM='/usr/bin/nm -B'
lt_cv_path_mainfest_tool=no
lt_cv_prog_compiler_c_o=yes
lt_cv_prog_compiler_c_o_FC=yes
lt_cv_prog_compiler_pic='-fPIC -DPIC'
lt_cv_prog_compiler_pic_FC=-fPIC
lt_cv_prog_compiler_pic_works=yes
lt_cv_prog_compiler_pic_works_FC=yes
lt_cv_prog_compiler_rtti_exceptions=no
lt_cv_prog_compiler_static_works=yes
lt_cv_prog_compiler_static_works_FC=yes
lt_cv_prog_gnu_ld=yes
lt_cv_sharedlib_from_linklib_cmd='printf %s\n'
lt_cv_shlibpath_overrides_runpath=yes
lt_cv_sys_global_symbol_pipe='sed -n -e '\''s/^.*[	 ]\([ABCDGIRSTW][ABCDGIRSTW]*\)[	 ][	 ]*\([_A-Za-z][_A-Za-z0-9]*\)$/\1 \2 \2/p'\'' | sed '\''/ __gnu_lto/d'\'''
lt_cv_sys_global_symbol_to_c_name_address='sed -n -e '\''s/^: \(.*\) .*$/  {"\1", (void *) 0},/p'\'' -e '\''s/^[ABCDGIRSTW][ABCDGIRSTW]* .* \(.*\)$/  {"\1", (void *) \&\1},/p'\'''
lt_cv_sys_global_symbol_to_c_name_address_lib_prefix='sed -n -e '\''s/^: \(.*\) .*$/  {"\1", (void *) 0},/p'\'' -e '\''s/^[ABCDGIRSTW][ABCDGIRSTW]* .* \(lib.*\)$/  {"\1", (void *) \&\1},/p'\'' -e '\''s/^[ABCDGIRSTW][ABCDGIRSTW]* .* \(.*\)$/  {"lib\1", (void *) \&\1},/p'\'''
lt_cv_sys_global_symbol_to_cdecl='sed -n -e '\''s/^T .* \(.*\)$/extern int \1();/p'\'' -e '\''s/^[ABCDGIRSTW][ABCDGIRSTW]* .* \(.*\)$/extern char \1;/p'\'''
lt_cv_sys_global_symbol_to_import=
lt_cv_sys_max_cmd_len=1572864
lt_cv_to_host_file_cmd=func_convert_file_noop
lt_cv_to_tool_file_cmd=func_convert_file_noop
lt_cv_truncate_bin='/usr/bin/dd bs=4096 count=1'
pkg_cv_HDF5_CFLAGS='-I/usr/include/hdf5/serial '
pkg_cv_HDF5_LIBS='-L/usr/lib/x86_64-linux-gnu/hdf5/serial -lhdf5 '

## ----------------- ##
## Output variables. ##
## ----------------- ##

ACLOCAL='${SHELL} '\''/home/qadeer485/tccm-homeworks/cc/trexio-2.5.0/build-config/missing'\'' aclocal-1.16'
AMDEPBACKSLASH='\'
AMDEP_FALSE='#'
AMDEP_TRUE=''
AMTAR='$${TAR-tar}'
AM_BACKSLASH='\'
AM_DEFAULT_V='$(AM_DEFAULT_VERBOSITY)'
AM_DEFAULT_VERBOSITY='1'
AM_V='$(V)'
AR='ar'
AUTOCONF='${SHELL} '\''/home/qadeer485/tccm-homeworks/cc/trexio-2.5.0/build-config/missing'\'' autoconf'
AUTOHEADER='${SHELL} '\''/home/qadeer485/tccm-homeworks/cc/trexio-2.5.0/build-config/missing'\'' autoheader'
AUTOMAKE='${SHELL} '\''/home/qadeer485/tccm-homeworks/cc/trexio-2.5.0/build-config/missing'\'' automake-1.16'
AWK='gawk'
CC='gcc'
CCDEPMODE='depmode=gcc3'
CFLAGS='-I/usr/include/hdf5/serial  -g -O2 -fPIC'
CPPFLAGS=' '
CP_PROG='cp'
CSCOPE='cscope'
CTAGS='ctags'
CYGPATH_W='echo'
DEFS='-DHAVE_CONFIG_H'
DEPDIR='.deps'
DLLTOOL='false'
DSYMUTIL=''
DUMPBIN=''
ECHO_C=''
ECHO_N='-n'
ECHO_T=''
EGREP='/usr/bin/grep -E'
EMACS=''
ETAGS='etags'
EXEEXT=''
FC='gfortran'
FCFLAGS='-g -O2 -ffree-form -fPIC'
FCFLAGS_f90=''
FCLIBS=' -L/usr/lib/gcc/x86_64-linux-gnu/13 -L/usr/lib/gcc/x86_64-linux-gnu/13/../../../x86_64-linux-gnu -L/usr/lib/gcc/x86_64-linux-gnu/13/../../../../lib -L/lib/x86_64-linux-gnu -L/lib/../lib -L/usr/lib/x86_64-linux-gnu -L/usr/lib/../lib -L/usr/lib/gcc/x86_64-linux-gnu/13/../../.. -lgfortran -lm -lquadmath'
FGREP='/usr/bin/grep -F'
GREP='/usr/bin/grep'
H5CC=''
HAS_CPPCHECK=''
HAVE_FORTRAN_FALSE='#'
HAVE_FORTRAN_TRUE=''
HAVE_HDF5_FALSE='#'
HAVE_HDF5_TRUE=''
HDF5_CFLAGS='-I/usr/include/hdf5/serial '
HDF5_CPPFLAGS=''
HDF5_LDFLAGS=''
HDF5_LIBS='-L/usr/lib/x86_64-linux-gnu/hdf5/serial -lhdf5 '
INSTALL_DATA='${INSTALL} -m 644'
INSTALL_PROGRAM='${INSTALL}'
INSTALL_SCRIPT='${INSTALL}'
INSTALL_STRIP_PROGRAM='$(install_sh) -c -s'
LD='/usr/bin/ld -m elf_x86_64'
LDFLAGS=' '
LIBOBJS=''
LIBS='-lm -L/usr/lib/x86_64-linux-gnu/hdf5/serial -lhdf5  '
LIBTOOL='$(SHELL) $(top_builddir)/libtool'
LIPO=''
LN_S='ln -s'
LTLIBOBJS=''
LT_SYS_LIBRARY_PATH=''
MAINT='#'
MAINTAINER_MODE_FALSE=''
MAINTAINER_MODE_TRUE='#'
MAKEINFO='${SHELL} '\''/home/qadeer485/tccm-homeworks/cc/trexio-2.5.0/build-config/missing'\'' makeinfo'
MANIFEST_TOOL=':'
MKDIR_P='/usr/bin/mkdir -p'
NM='/usr/bin/nm -B'
NMEDIT=''
OBJDUMP='objdump'
OBJEXT='o'
OTOOL64=''
OTOOL=''
PACKAGE='trexio'
PACKAGE_BUGREPORT='https://github.com/TREX-CoE/trexio/issues'
PACKAGE_NAME='trexio'
PACKAGE_STRING='trexio 2.5.0'
PACKAGE_TARNAME='trexio'
PACKAGE_URL=''
PACKAGE_VERSION='2.5.0'
PATH_SEPARATOR=':'
PKG_CONFIG='/usr/bin/pkg-config'
PKG_CONFIG_LIBDIR=''
PKG_CONFIG_PATH=''
PKG_HDF5='hdf5'
PYTHON=''
PYTHON_EXEC_PREFIX=''
PYTHON_PLATFORM=''
PYTHON_PREFIX=''
PYTHON_VERSION=''
RANLIB='ranlib'
SED='/usr/bin/sed'
SET_MAKE=''
SHELL='/bin/bash'
STRIP='strip'
SWIG=''
SWIG_LIB=''
TREXIO_DEVEL_FALSE=''
TREXIO_DEVEL_TRUE='#'
UNAME='qadeer485'
VERSION='2.5.0'
ac_ct_AR='ar'
ac_ct_CC='gcc'
ac_ct_DUMPBIN=''
ac_ct_FC='gfortran'
am__EXEEXT_FALSE=''
am__EXEEXT_TRUE='#'
am__fastdepCC_FALSE='#'
am__fastdepCC_TRUE=''
am__include='include'
am__isrc=''
am__leading_dot='.'
am__nodep='_no'
am__quote=''
am__tar='$${TAR-tar} chof - "$$tardir"'
am__untar='$${TAR-tar} xf -'
bindir='${exec_prefix}/bin'
build='x86_64-pc-linux-gnu'
build_alias=''
build_cpu='x86_64'
build_os='linux-gnu'
build_vendor='pc'
datadir='${datarootdir}'
datarootdir='${prefix}/share'
docdir='${datarootdir}/doc/${PACKAGE_TARNAME}'
dvidir='${docdir}'
exec_prefix='${prefix}'
host='x86_64-pc-linux-gnu'
host_alias=''
host_cpu='x86_64'
host_os='linux-gnu'
host_vendor='pc'
htmldir='${docdir}'
includedir='${prefix}/include'
infodir='${datarootdir}/info'
install_sh='${SHELL} /home/qadeer485/tccm-homeworks/cc/trexio-2.5.0/build-config/install-sh'
libdir='${exec_prefix}/lib'
libexecdir='${exec_prefix}/libexec'
localedir='${datarootdir}/locale'
localstatedir='${prefix}/var'
mandir='${datarootdir}/man'
mkdir_p='$(MKDIR_P)'
oldincludedir='/usr/include'
pdfdir='${docdir}'
pkgpyexecdir=''
pkgpythondir=''
prefix='/usr/local'
program_transform_name='s,x,x,'
psdir='${docdir}'
pyexecdir=''
pythondir=''
runstatedir='${localstatedir}/run'
sbindir='${exec_prefix}/sbin'
sharedstatedir='${prefix}/com'
sysconfdir='${prefix}/etc'
target_alias=''

## ----------- ##
## confdefs.h. ##
## ----------- ##

/* confdefs.h */
#define PACKAGE_NAME "trexio"
#define PACKAGE_TARNAME "trexio"
#define PACKAGE_VERSION "2.5.0"
#define PACKAGE_STRING "trexio 2.5.0"
#define PACKAGE_BUGREPORT "https://github.com/TREX-CoE/trexio/issues"
#define PACKAGE_URL ""
#define PACKAGE "trexio"
#define VERSION "2.5.0"
#define HAVE_STDIO_H 1
#define HAVE_STDLIB_H 1
#define HAVE_STRING_H 1
#define HAVE_INTTYPES_H 1
#define HAVE_STDINT_H 1
#define HAVE_STRINGS_H 1
#define HAVE_SYS_STAT_H 1
#define HAVE_SYS_TYPES_H 1
#define HAVE_UNISTD_H 1
#define STDC_HEADERS 1
#define HAVE_DLFCN_H 1
#define LT_OBJDIR ".libs/"
#define VERSION_MAJOR 2
#define VERSION_MINOR 5
#define VERSION_PATCH 0
#define TREXIO_USER_NAME "qadeer485"
#define CP_COMMAND "cp", "-r", "-n"
#define HAVE_FCNTL_H 1
#define HAVE_INTTYPES_H 1
#define HAVE_STDINT_H 1
#define HAVE_STDBOOL_H 1
#define HAVE_STDLIB_H 1
#define HAVE_STRING_H 1
#define HAVE_UNISTD_H 1
#define HAVE_SYS_TYPES_H 1
#define HAVE_SYS_WAIT_H 1
#define HAVE_HDF5 1
#define HAVE_LIBHDF5 1
#define HAVE_MEMSET 1
#define HAVE_MKDIR 1
#define HAVE_STRERROR 1
#define GIT_HASH "d0044bf7a006c9daa1e5299526421229b2ab059f"
#define HAVE_MATH_H 1
#define HAVE_PTHREAD_H 1

configure: exit 0
